<?xml version="1.0" encoding="UTF-8"?>
<!-- Generated by org.testng.reporters.JUnitXMLReporter -->
<testsuite ignored="8" hostname="DESKTOP-DJ19G7A" failures="0" tests="1" name="Default test" time="17.859" errors="0" timestamp="2026-04-06T17:23:47 GMT-07:00">
  <testcase classname="Modules.Unittest" name="verifyAddProductToWishlist" time="11.415"/>
  <testcase classname="Modules.Unittest" name="VerifySearchwithValidProduct" time="0.0">
    <ignored/>
  </testcase> <!-- VerifySearchwithValidProduct -->
  <testcase classname="Modules.Unittest" name="verifyHoverFunctionality" time="0.0">
    <ignored/>
  </testcase> <!-- verifyHoverFunctionality -->
  <testcase classname="Modules.Unittest" name="verifyNavigateToGenzSection" time="0.0">
    <ignored/>
  </testcase> <!-- verifyNavigateToGenzSection -->
  <testcase classname="Modules.Unittest" name="verifyAuto_SuggestionsOnSearch" time="0.0">
    <ignored/>
  </testcase> <!-- verifyAuto_SuggestionsOnSearch -->
  <testcase classname="Modules.Unittest" name="verifyBrandFilter" time="0.0">
    <ignored/>
  </testcase> <!-- verifyBrandFilter -->
  <testcase classname="Modules.Unittest" name="verifyProductCategories" time="0.0">
    <ignored/>
  </testcase> <!-- verifyProductCategories -->
  <testcase classname="Modules.Unittest" name="verifyRemoveProductFromCart" time="0.0">
    <ignored/>
  </testcase> <!-- verifyRemoveProductFromCart -->
  <testcase classname="Modules.Unittest" name="verifyProductAddToCart" time="0.0">
    <ignored/>
  </testcase> <!-- verifyProductAddToCart -->
</testsuite> <!-- Default test -->
