<?xml version="1.0" encoding="UTF-8"?>
<testng-results ignored="8" total="9" passed="1" failed="0" skipped="0">
  <reporter-output>
  </reporter-output>
  <suite started-at="2026-04-06T17:23:29 GMT-07:00" name="Default suite" finished-at="2026-04-06T17:23:47 GMT-07:00" duration-ms="17859">
    <groups>
    </groups>
    <test started-at="2026-04-06T17:23:29 GMT-07:00" name="Default test" finished-at="2026-04-06T17:23:47 GMT-07:00" duration-ms="17859">
      <class name="Modules.Unittest">
        <test-method is-config="true" signature="setUp()[pri:0, instance:Modules.Unittest@1d296da]" started-at="2026-04-06T17:23:29 GMT-07:00" name="setUp" finished-at="2026-04-06T17:23:33 GMT-07:00" duration-ms="4389" status="PASS">
          <reporter-output>
          </reporter-output>
        </test-method> <!-- setUp -->
        <test-method signature="verifyAddProductToWishlist()[pri:0, instance:Modules.Unittest@1d296da]" started-at="2026-04-06T17:23:33 GMT-07:00" name="verifyAddProductToWishlist" finished-at="2026-04-06T17:23:45 GMT-07:00" duration-ms="11415" status="PASS">
          <reporter-output>
          </reporter-output>
        </test-method> <!-- verifyAddProductToWishlist -->
        <test-method is-config="true" signature="tearDown()[pri:0, instance:Modules.Unittest@1d296da]" started-at="2026-04-06T17:23:45 GMT-07:00" name="tearDown" finished-at="2026-04-06T17:23:47 GMT-07:00" duration-ms="2000" status="PASS">
          <reporter-output>
          </reporter-output>
        </test-method> <!-- tearDown -->
      </class> <!-- Modules.Unittest -->
    </test> <!-- Default test -->
  </suite> <!-- Default suite -->
</testng-results>
